670.07887492
732.38041353
680.65279840
763.25156728
702.57435446
812.58640279
366.99592064
600.02143765
713.71303362
516.17452513
331.06181801
101.76281465
582.94086665
623.24675834
641.81117580
217.34148156
599.72303567
410.11577938
209.09206319
733.98351365
464.31299119
518.91977375
598.77197270
589.03004016
536.92867773
162.66450481
466.47965797
794.48222776
609.97946651
492.28242311
513.46233829
194.87151009
730.08325090
818.30118843
635.31535079
321.37186536
684.22755718
613.88148329
821.18122222
377.10344341
571.17034898
875.13012638
691.98399926
303.40912780
494.86228828
171.38899295
601.45558262
565.14472441
672.74555074
117.56772737
508.77113200
432.02148222
776.21306401
673.65624496
288.57007049
347.59599530
849.15396252
746.73899545
512.67016245
642.46879037
123.61871504
699.78029650
67.52555640
514.98757011
991.76563206
686.04024727
373.38676045
953.20498359
619.72929949
146.32425202
306.96061467
217.45773052
588.50802205
735.09729181
285.78041013
167.97284134
411.40756257
218.03156215
7.93332267
249.84596087
277.79424386
410.10428154
882.85001981
613.92414599
261.81211497
879.90946478
122.54559932
444.44670081
933.03166272
894.55813725
576.53671472
772.73274908
26.82091239
528.87244939
49.74310474
627.51445290
934.98564755
396.76057114
689.19649059
165.70195706
238.65818036
665.01182716
980.95701922
586.51149746
277.49865343
473.05543715
597.52534244
920.86665504
271.38340609
411.98254052
490.04407496
713.65031427
533.49786796
517.05437421
596.87580580
638.29072370
205.47466588
730.08394519
604.51715673
223.35886303
405.24926022
239.94986217
624.23564126
478.72662404
727.59034660
728.15246553
957.29589493
256.78356847
340.85882468
157.58296780
149.85913103
67.98669773
548.24961935
470.86257979
2.67999116
758.64449942
323.38077849
616.16293373
846.79505956
309.20052389
443.38173667
957.48484504
675.80688254
386.09043141
506.90591536
442.32719016
443.25991408
722.56193627
138.83178235
601.80399391
590.85099841
698.67207961
396.06747557
284.35940500
239.24580777
248.60097978
118.03910997
573.64405623
341.18937022
889.33767292
357.07482352
185.95930748
514.68379288
66.92355872
17.13822762
415.27650458
465.03715036
941.58027632
638.40336608
410.38897869
333.61340569
423.26956174
350.88726534
310.09389481
808.55122312
60.50828338
38.13719355
660.59218172
640.76084290
245.36141632
191.01920497
689.25139856
374.09122224
204.91812712
130.38884190
163.98779814
150.26796408
403.02173480
659.97993872
88.29590333
812.56186943
482.41023873
668.71855327
611.82366018
473.69463400
835.44623869
365.45299258
858.13662675
576.69859566
646.09359046
583.12163302
664.87375771
80.21136870
513.81013473
647.06414595
649.26485550
620.59228276
936.35789307
886.81839944
464.63777514
455.35552075
717.28985497
449.40217044
652.00219442
292.16434053
354.21909407
569.94578485
467.71599102
527.84910294
847.25719401
52.92132537
485.55445035
205.04945061
979.80468691
631.76023919
303.19350690
233.27581246
593.72062866
447.69429041
145.95527327
801.67740423
79.91383005
603.33372413
671.56807870
353.93445114
537.55223600
616.24121640
328.78597411
904.10114241
371.61773379
895.16654367
663.42952381
962.71723871
263.37827388
319.88501258
431.99313760
395.33184339
546.42691950
741.38418591
555.33555142
554.88575768
162.90820377
782.12721773
227.90342395
283.45842575
444.19742914
343.77346310
600.52351532
416.22286814
847.85036733
785.38744248
562.45811889
204.28119480
813.59251790
558.45879791
489.98077414
86.20073316
524.57466280
408.83608383
165.20834202
221.60766523
174.19417721
391.77081395
586.08419214
773.66258525
236.95470588
542.67790306
537.89052790
780.11849258
153.23795435
113.32104963
479.26348503
147.53313367
937.69699878
423.27779624
568.51161463
818.52126478
690.16422844
52.37672739
922.25563169
554.42781899
782.90287918
859.36389856
498.10854792
683.97109048
374.73028236
795.50022160
482.56803535
526.34408377
375.64205635
393.90406559
844.34915093
575.64392573
493.04228001
256.57154457
682.47293514
229.95974813
928.57313518
940.70425322
776.76003379
774.06671405
471.90556643
442.80779161
526.62952840
234.62812204
133.74261546
910.94137431
920.48856092
578.41256298
778.56206708
468.91270564
881.88138846
482.84439325
477.03433508
282.58406562
525.36068934
414.91462299
859.00421683
623.76990738
680.01321485
767.25413994
324.33739356
248.41482331
386.75116767
291.28425597
912.65114414
419.84827879
566.19501916
453.74121889
816.91440501
517.31691587
693.63137370
378.63652374
447.86570003
571.88455442
250.33162330
394.77238757
195.91308343
914.63983570
535.65299797
655.53641896
697.92936044
485.78054999
656.97254652
336.31691390
549.87454460
645.07500029
217.34483891
388.39925204
650.37604139
261.82212246
525.62256593
949.03910362
364.35508773
236.71632831
776.59947794
420.97836341
393.43619628
522.87292294
683.25326061
330.94964177
782.74952792
906.30317491
438.14828176
357.51088435
515.24935127
641.22286179
566.71660245
216.56733165
740.87744430
517.44586382
648.98654321
795.97984476
273.27452098
921.31700245
210.66354805
60.06916665
729.45254163
424.06983752
498.37352858
898.03012293
479.62347308
269.57667239
367.20244671
438.20933521
243.80398642
233.22747726
765.48708257
575.32750065
392.89961349
455.47096206
219.17898048
433.34464340
913.79661873
360.51797598
310.97444937
259.64640441
203.53487090
297.82638663
946.74641398
581.08265727
148.09053024
571.06571722
921.96451159
620.52790948
94.68230164
572.21172575
411.08561316
142.71606665
557.15665378
599.54848858
226.49062970
344.13196905
906.66870630
336.93852419
480.49776460
346.12918795
608.70195308
202.89317415
513.46847882
492.47071664
769.80211626
615.71298422
145.84321400
566.97858419
558.52673531
260.99948795
718.23692418
113.31840383
148.09833035
523.25108044
241.10689714
569.83298905
622.86563852
446.39385723
472.54029749
811.41504338
281.50551110
858.41979311
627.13128146
443.34982665
427.33381040
635.04900254
827.68931939
365.54984081
891.03477698
86.10783994
828.27710357
265.91634753
493.66043543
865.73684953
547.39561395
868.85466428
298.77575021
346.97122354
350.15150704
771.52925814
338.13435488
960.81422934
570.28796242
152.75999870
937.86282486
435.68388863
554.61946591
275.16369546
892.69390090
467.86993176
986.53559248
131.92072227
891.27737355
530.14783624
331.26639008
520.12163756
502.57480540
506.78738443
932.82538233
583.90209801
607.56010601
110.54493646
601.96638006
233.02019214
368.33211284
387.50980369
517.51565934
43.41099673
105.74113103
516.36648524
502.61866867
612.88100220
29.64856065
757.87382084
671.28153844
276.07198266
579.07332770
446.02738672
486.30717289
312.98759653
287.27187659
346.85273029
128.73145426
445.11457294
22.81538515
571.29810220
68.25091573
936.31083060
549.14605314
453.82452470
991.28505874
505.65413537
212.09083476
860.03580796
85.03248635
436.30955223
777.42810514
44.59734560
216.28406116
372.54346598
498.74069764
148.54130788
381.85582842
278.12715221
453.94311556
813.19357274
332.05261431
151.85416541
504.38750691
781.59359174
655.45747717
419.73921609
274.05317794
776.57618672
16.14255580
421.09626925
347.27262100
705.62907767
780.16978663
540.64774423
803.23778912
357.95129250
498.68905699
381.88207439
847.26737611
442.16364533
424.25134458
553.71416922
761.59422277
480.05618112
90.59875452
658.60734306
552.67276456
438.78611999
386.83209560
604.70604873
792.93814197
383.79691264
780.46817074
541.70946973
171.74672275
339.08755448
478.19617576
588.93437391
675.70209291
177.92710669
646.45190478
240.24487168
253.37820392
5.46864152
343.37680742
532.13736208
557.69372441
696.80635657
746.19810732
146.21354261
436.94545449
628.76738253
467.57973060
601.67107456
292.59953089
118.76486070
331.20822854
371.50957557
143.19303752
537.79576181
103.92066557
530.48210395
635.11678490
419.64135217
683.42173359
576.10063881
554.65016474
492.98031925
827.76579972
613.92260980
770.78772905
101.47303086
808.38094430
739.40315427
879.27713818
313.96417503
970.69693685
266.18886863
518.90080336
836.84446471
947.25495297
775.17324516
820.72333390
28.40872834
617.09917273
24.56440063
162.23409255
257.24524734
76.65452288
786.25906040
779.40188929
601.77436531
392.44537550
208.73743101
433.20531052
554.00488483
292.08317514
797.31421790
425.84840312
629.80175205
842.45002060
840.99339183
178.67283727
661.78140726
394.37162625
66.96570156
587.43803576
375.92514923
368.25335283
558.08050729
948.90357122
674.69481604
262.53843185
257.73912167
478.58032356
365.83517689
767.45274217
367.30191215
799.08988409
667.27106599
912.12639046
622.13272262
408.21645647
285.52076615
511.01775023
664.87867966
813.97956012
612.18961387
423.74402903
64.27055692
176.56193344
693.74497489
906.76115047
754.49713830
108.99201013
12.38480171
152.27306950
958.40903547
866.33604883
825.11231869
379.10857311
90.12518085
62.78398895
136.55412457
45.10542538
452.50676204
112.57068769
852.55138986
428.87214836
579.04595453
403.15961216
241.50480159
172.94380411
386.34728277
958.16727868
244.35763023
513.89122478
410.44729534
114.46735315
724.47124571
50.48917641
228.32442455
543.83990722
624.28520537
108.16621985
187.84658151
385.77639249
323.05085866
364.25584884
65.53673264
24.28397869
326.70543424
323.35105944
507.85855917
835.60437693
223.03821109
850.47512558
448.12039190
840.82109608
217.83137691
534.71864190
754.48397470
384.58434599
938.21561518
252.62624346
353.78831856
352.03918513
13.32991870
360.49939982
21.34831806
354.27661918
493.62832824
604.19211605
867.74160545
674.40926589
421.40378095
407.43129223
363.10960945
705.81701556
417.83482926
370.49962879
219.63276749
775.28444127
281.06347907
564.97613055
542.14138213
169.23922120
386.22023049
435.29284424
845.50855404
411.36997480
167.22774688
479.08375929
495.00270042
775.72036763
793.71486531
380.87250518
320.18343554
715.84975458
107.39067965
383.69495389
663.40727659
341.92133316
387.86521587
564.97105535
601.08737357
541.42128523
238.50255631
382.29471177
427.78790120
524.59515970
552.85052932
270.77507366
493.13847097
366.51118193
267.30412671
128.23716270
577.90197578
649.25334286
947.75997636
48.76598183
32.77943308
585.45066860
844.23684940
465.55176555
177.46854396
514.45289198
152.45348566
459.47998374
415.02244021
307.67368469
230.78547107
263.91809019
48.89476297
658.67090727
559.92140302
819.38610791
95.04036977
477.31973189
399.50645211
663.34728222
597.56332719
772.26943505
627.61357603
490.05815438
519.89595842
978.55149820
558.49509351
685.89831454
70.95618299
195.31000389
876.07560174
844.68962632
465.21416562
569.00547230
919.20715961
499.25540762
824.63829133
138.33984359
310.47483413
534.23574773
900.88558440
284.88609236
696.32730767
696.81577745
772.89376084
988.93897357
815.18111888
677.16184385
662.30675243
580.05532063
440.93854808
941.62353674
800.84597443
780.05231978
960.61598054
429.44898940
904.93931457
596.78312437
945.09178122
33.78705394
206.84202259
953.57918773
364.06748213
518.28747034
265.95845892
449.44052577
189.00767163
676.50400373
127.78304956
960.36971198
557.51275717
695.37815036
613.26957747
289.00376362
361.38851341
518.38093915
43.53920599
854.25205057
156.39661813
93.10985371
319.15976712
422.17315887
164.86261901
26.75293008
740.63268726
706.47652355
65.65742378
625.24417243
702.79420350
883.19008978
294.43865899
505.34011462
120.44531563
592.06531083
586.24104148
377.74272257
508.42896832
511.64967328
138.62632653
492.93055530
773.87461001
853.18299066
832.52495352
761.97370602
435.84419722
803.69398924
653.80621763
103.17812131
519.19543808
531.40390490
75.52838255
481.38289719
772.55198426
547.67638570
572.26006418
439.50785135
478.64629098
389.25173979
956.38222159
681.66472644
389.34100454
387.88367580
38.57916761
687.02087252
250.03737406
313.00296994
357.83538198
603.50719155
645.34572374
707.60784831
821.49673625
353.45194370
455.59689609
446.38585789
767.32844458
303.09950262
640.65701509
665.33278343
688.80220400
680.81623985
34.43976426
331.21323867
406.78704642
582.87798381
916.37298332
699.86307497
68.03749387
468.89449999
637.80469514
837.62785805
690.21214756
602.35060565
708.56530015
974.10243856
437.57264023
367.63220650
508.29078097
497.60108141
507.62186673
962.61268597
180.17157102
634.16136987
550.80164951
863.25142375
450.90164221
645.15636124
883.36475153
477.52458120
924.37496290
965.41854562
819.60930190
888.90380736
550.86865752
466.85957245
529.60592295
777.35504120
607.80265569
666.24345323
533.18284940
386.50627896
636.75593097
341.44764595
97.58672541
324.01000429
806.32602491
691.39493859
564.43044002
371.89076406
416.76465446
991.87346851
576.55706903
299.35506819
658.00644537
157.21801448
527.59162032
813.40421242
428.69092631
536.97470550
994.29692714
657.21152831
697.20510029
512.80249938
742.84378622
402.17935855
379.19236254
743.29128401
307.91309011
375.64205635
687.81920720
369.67250704
358.86257566
196.28412070
976.02474553
379.83472868
701.63710663
781.33133537
21.20763825
69.43409101
647.76331045
491.79037311
962.37019233
445.71304345
503.21530036
928.40326495
216.38408213
199.22343115
