1342 1341
1348 1347
1556 1555
1680 1679
1494 1493
492 491
1420 1419
484 483
1460 1459
1560 1559
1430 1429
1570 1569
858 857
1442 1441
1204 1203
1588 1587
756 755
16 14
1448 1447
1162 1161
778 777
604 603
844 843
718 717
16 5
1268 1267
1218 1217
1164 1163
1068 1067
866 865
546 545
1028 1027
15 11
598 597
1190 1189
1466 1465
570 569
1642 1641
1004 1003
1758 1757
814 813
1704 1703
496 495
700 699
1530 1529
1036 1035
1644 1643
1360 1359
820 819
1410 1409
14 10
746 745
1216 1215
538 537
1508 1507
1060 1059
14 1
16 13
1428 1427
562 561
970 969
1550 1549
1136 1135
1622 1621
1372 1371
516 515
1338 1337
738 737
930 929
1432 1431
502 501
1506 1505
838 837
532 531
1656 1655
1724 1723
1446 1445
606 605
964 963
16 3
1450 1449
882 881
702 701
16 9
1750 1749
1388 1387
874 873
1542 1541
1292 1291
494 493
568 567
878 877
808 807
512 511
742 741
1110 1109
754 753
1406 1405
15 9
1424 1423
1122 1121
600 599
1658 1657
1226 1225
828 827
614 613
540 539
892 891
688 687
1112 1111
924 923
1244 1243
1224 1223
13 7
894 893
1412 1411
586 585
850 849
1766 1765
934 933
1246 1245
1620 1619
1600 1599
1072 1071
1262 1261
1696 1695
916 915
1650 1649
1558 1557
1500 1499
876 875
15 4
1200 1199
522 521
638 637
1698 1697
864 863
802 801
768 767
976 975
1674 1673
1210 1209
13 1
1240 1239
684 683
696 695
1248 1247
16 11
712 711
616 615
1504 1503
13 3
928 927
1022 1021
1374 1373
1356 1355
642 641
1302 1301
736 735
1562 1561
1438 1437
1440 1439
1572 1571
682 681
662 661
526 525
1316 1315
968 967
1422 1421
954 953
724 723
790 789
958 957
1038 1037
1710 1709
776 775
750 749
1628 1627
1574 1573
1392 1391
856 855
1114 1113
15 2
1014 1013
1320 1319
770 769
1176 1175
1056 1055
726 725
1144 1143
1702 1701
1330 1329
990 989
1086 1085
1296 1295
556 555
886 885
1454 1453
1598 1597
620 619
1334 1333
16 10
1104 1103
834 833
1332 1331
880 879
730 729
1170 1169
758 757
752 751
1368 1367
1528 1527
1434 1433
1278 1277
796 795
936 935
1046 1045
1168 1167
1062 1061
1346 1345
1520 1519
960 959
1578 1577
1398 1397
1638 1637
622 621
1762 1761
1706 1705
920 919
1672 1671
1010 1009
1708 1707
952 951
1020 1019
1032 1031
1468 1467
650 649
610 609
1488 1487
634 633
1352 1351
14 9
1452 1451
13 5
1482 1481
660 659
806 805
1746 1745
966 965
1132 1131
1054 1053
652 651
602 601
1592 1591
1344 1343
1752 1751
1646 1645
1654 1653
1742 1741
564 563
1580 1579
1208 1207
1140 1139
1340 1339
506 505
962 961
1366 1365
1390 1389
1006 1005
1174 1173
898 897
15 5
1418 1417
1734 1733
500 499
528 527
732 731
592 591
918 917
1064 1063
862 861
692 691
1610 1609
1080 1079
626 625
13 9
982 981
14 4
1584 1583
1230 1229
572 571
1518 1517
1242 1241
654 653
1350 1349
1236 1235
1536 1535
1238 1237
1138 1137
1076 1075
1538 1537
1684 1683
1148 1147
518 517
15 10
566 565
1206 1205
900 899
1120 1119
1322 1321
824 823
15 6
16 8
1632 1631
1624 1623
1526 1525
520 519
1180 1179
984 983
1358 1357
632 631
948 947
832 831
994 993
1692 1691
830 829
998 997
868 867
988 987
624 623
940 939
1134 1133
608 607
890 889
1480 1479
690 689
1312 1311
1384 1383
1552 1551
1660 1659
1096 1095
1626 1625
1256 1255
1484 1483
1380 1379
720 719
1290 1289
1604 1603
1478 1477
480 479
1152 1151
896 895
1666 1665
706 705
1606 1605
1664 1663
870 869
1576 1575
826 825
978 977
804 803
15 1
590 589
782 781
1720 1719
15 8
1324 1323
1586 1585
902 901
1126 1125
972 971
1404 1403
1234 1233
1000 999
1188 1187
1472 1471
1294 1293
534 533
1740 1739
1764 1763
1730 1729
1270 1269
1512 1511
1142 1141
1052 1051
788 787
13 6
1172 1171
1524 1523
16 12
904 903
1222 1221
1396 1395
1272 1271
908 907
1124 1123
810 809
16 4
1492 1491
16 7
1042 1041
974 973
1548 1547
1596 1595
1284 1283
672 671
1016 1015
1258 1257
986 985
800 799
666 665
1286 1285
1582 1581
552 551
578 577
486 485
950 949
1686 1685
498 497
594 593
524 523
1260 1259
836 835
946 945
1212 1211
1088 1087
550 549
1590 1589
1652 1651
1640 1639
1436 1435
728 727
1636 1635
1050 1049
1728 1727
15 14
628 627
906 905
1044 1043
1516 1515
1614 1613
760 759
1002 1001
1756 1755
542 541
1662 1661
1514 1513
1008 1007
1354 1353
1744 1743
510 509
1298 1297
766 765
1098 1097
1732 1731
1070 1069
1648 1647
1280 1279
544 543
1202 1201
1476 1475
584 583
944 943
618 617
1250 1249
1092 1091
1318 1317
1024 1023
15 12
1726 1725
1532 1531
1066 1065
1554 1553
658 657
588 587
1186 1185
1184 1183
1040 1039
16 2
1128 1127
1714 1713
14 3
530 529
860 859
1464 1463
1400 1399
674 673
580 579
1594 1593
558 557
490 489
1158 1157
656 655
1266 1265
1264 1263
1394 1393
922 921
740 739
14 2
1760 1759
708 707
1276 1275
710 709
1012 1011
668 667
1102 1101
686 685
818 817
1058 1057
1670 1669
1566 1565
1510 1509
1712 1711
1382 1381
1722 1721
1378 1377
1474 1473
1078 1077
1026 1025
1458 1457
784 783
1408 1407
1772 1771
16 6
536 535
1754 1753
772 771
574 573
1682 1681
1568 1567
596 595
980 979
1018 1017
992 991
1564 1563
932 931
1522 1521
680 679
1182 1181
1220 1219
676 675
798 797
488 487
14 7
15 7
582 581
504 503
1082 1081
1456 1455
1314 1313
514 513
478 477
554 553
13 4
926 925
1540 1539
1546 1545
1402 1401
1718 1717
704 703
648 647
1116 1115
17 16
846 845
1150 1149
560 559
884 883
1502 1501
1252 1251
1444 1443
1146 1145
1254 1253
848 847
1198 1197
888 887
15 13
1156 1155
1074 1073
1094 1093
1544 1543
1738 1737
640 639
1602 1601
996 995
1328 1327
1300 1299
1748 1747
508 507
1106 1105
722 721
1130 1129
1100 1099
1196 1195
14 5
914 913
1416 1415
644 643
1486 1485
1668 1667
1118 1117
872 871
1288 1287
1414 1413
476 475
1308 1307
1376 1375
1282 1281
1304 1303
1326 1325
15 3
1090 1089
780 779
774 773
1534 1533
956 955
792 791
762 761
794 793
816 815
1034 1033
812 811
1214 1213
1426 1425
1370 1369
716 715
744 743
1496 1495
822 821
16 1
714 713
612 611
852 851
1160 1159
1608 1607
630 629
678 677
1616 1615
1770 1769
1676 1675
1690 1689
482 481
1612 1611
670 669
1618 1617
1192 1191
1694 1693
694 693
664 663
912 911
1232 1231
938 937
764 763
1048 1047
842 841
1336 1335
1678 1677
1166 1165
13 8
1768 1767
13 2
1362 1361
1630 1629
1688 1687
1470 1469
910 909
474 473
646 645
1178 1177
13 10
1030 1029
786 785
1386 1385
1310 1309
1228 1227
636 635
1462 1461
1194 1193
734 733
840 839
1274 1273
1700 1699
698 697
1490 1489
14 6
576 575
1736 1735
1634 1633
942 941
1364 1363
1108 1107
1498 1497
1084 1083
1716 1715
548 547
748 747
854 853
1306 1305
1154 1153
14 8
