89871514
129283580
338300055
790983532
338300055
338300055
338300055
338300055
859921475
859921475
859921475
859921475
859921475
859921475
859921475
859921475
67566558
67566558
67566558
67566558
67566558
67566558
67566558
67566558
67566558
67566558
67566558
67566558
67566558
67566558
67566558
67566558
662175592
662175592
662175592
662175592
662175592
662175592
662175592
662175592
662175592
662175592
662175592
662175592
662175592
662175592
662175592
662175592
662175592
662175592
662175592
662175592
662175592
662175592
662175592
662175592
662175592
662175592
662175592
662175592
662175592
662175592
662175592
662175592
856027390
856027390
856027390
856027390
856027390
856027390
856027390
856027390
856027390
856027390
856027390
856027390
856027390
856027390
856027390
856027390
856027390
856027390
856027390
856027390
856027390
856027390
856027390
856027390
856027390
856027390
856027390
856027390
856027390
856027390
856027390
856027390
856027390
856027390
856027390
856027390
856027390
856027390
856027390
856027390
856027390
856027390
856027390
856027390
856027390
856027390
856027390
856027390
856027390
856027390
856027390
856027390
856027390
856027390
856027390
856027390
856027390
856027390
856027390
856027390
856027390
856027390
856027390
856027390
92682373
92682373
92682373
92682373
92682373
92682373
92682373
92682373
92682373
92682373
92682373
92682373
92682373
92682373
92682373
92682373
92682373
92682373
92682373
92682373
92682373
92682373
92682373
92682373
92682373
92682373
92682373
92682373
92682373
92682373
92682373
92682373
92682373
92682373
92682373
92682373
92682373
92682373
92682373
92682373
92682373
92682373
92682373
92682373
92682373
92682373
92682373
92682373
92682373
92682373
92682373
92682373
92682373
92682373
92682373
92682373
92682373
92682373
92682373
92682373
92682373
92682373
92682373
92682373
92682373
92682373
92682373
92682373
92682373
92682373
92682373
92682373
92682373
92682373
92682373
92682373
92682373
92682373
92682373
92682373
92682373
92682373
92682373
92682373
92682373
92682373
92682373
92682373
92682373
92682373
92682373
92682373
92682373
92682373
92682373
92682373
92682373
92682373
92682373
92682373
92682373
92682373
92682373
92682373
92682373
92682373
92682373
92682373
92682373
92682373
92682373
92682373
92682373
92682373
92682373
92682373
92682373
92682373
92682373
92682373
92682373
92682373
92682373
92682373
92682373
92682373
92682373
92682373
862739123
862739123
862739123
862739123
862739123
862739123
862739123
862739123
862739123
862739123
862739123
862739123
862739123
862739123
862739123
862739123
862739123
862739123
862739123
862739123
862739123
862739123
862739123
862739123
862739123
862739123
862739123
862739123
862739123
862739123
862739123
862739123
862739123
862739123
862739123
862739123
862739123
862739123
862739123
338300055
338300055
430982428
129283580
790983532
338300055
674649430
790983532
883665905
338300055
674649430
129283580
338300055
790983532
430982428
790983532
790983532
338300055
674649430
338300055
338300055
883665905
674649430
790983532
430982428
338300055
790983532
338300055
790983532
338300055
430982428
338300055
674649430
338300055
674649430
129283580
338300055
338300055
790983532
338300055
129283580
674649430
883665905
430982428
129283580
338300055
338300055
790983532
129283580
790983532
338300055
790983532
338300055
338300055
790983532
338300055
338300055
338300055
790983532
338300055
338300055
674649430
674649430
338300055
338300055
430982428
338300055
430982428
674649430
790983532
338300055
790983532
129283580
338300055
338300055
883665905
338300055
430982428
338300055
790983532
338300055
790983532
674649430
338300055
338300055
674649430
790983532
674649430
