111
712475105
10359297
322
0
5258
4276501
1
1
0
1
1
5
1
0
4
38
1
886649762
1
0
0
0
126050
0
0
0
0
1
4010
0
0
0
1
110186
884830132
0
0
0
456607512
2245519
428222620
0
0
106440
1
3746
1
0
0
3
2245519
1
1
0
1
1944413
0
0
0
0
0
2
8
2
369538445
0
0
1
92403009
1
80
1
0
4321220
1
0
68071044
0
257
1
914814522
0
0
1
0
0
0
77
0
1
0
515791591
0
0
0
3486
0
492305940
1
487
0
1
0
0
158
0
2855
18855385
0
141
1
5731
80
18787550
1708966
0
1
0
0
0
1
631868463
0
4
0
0
176345740
800570604
17625098
0
45844278
65203
0
1
16170960
0
693
0
2
0
15079974
0
15020334
0
1795
85184679
1
208167323
208167323
0
85184679
3
65203
0
1
893477705
74
1164838
